Using pre-set license
Built from '2020.3/staging' branch; Version is '2020.3.9f1 (108be757e447) revision 1084391'; Using compiler version '192528614'; Build Type 'Release'
OS: 'Windows 10 Home; OS build 19041.985; Version 2004; 64bit' Language: 'en' Physical Memory: 16284 MB
BatchMode: 1, IsHumanControllingUs: 0, StartBugReporterOnCrash: 0, Is64bit: 1, IsPro: 0

 COMMAND LINE ARGUMENTS:
C:\Program Files (x86)\Unity\Editors\2020.3.9f1\Editor\Unity.exe
-adb2
-batchMode
-noUpm
-name
AssetImportWorker0
-projectPath
E:/Unity/WildCards-Whist
-logFile
Logs/AssetImportWorker0.log
-srvPort
57872
Successfully changed project path to: E:/Unity/WildCards-Whist
E:/Unity/WildCards-Whist
Using Asset Import Pipeline V2.
Refreshing native plugins compatible for Editor in 53.59 ms, found 1 plugins.
Preloading 0 native plugins for Editor in 0.00 ms.
Initialize engine version: 2020.3.9f1 (108be757e447)
[Subsystems] Discovering subsystems at path C:/Program Files (x86)/Unity/Editors/2020.3.9f1/Editor/Data/Resources/UnitySubsystems
[Subsystems] Discovering subsystems at path E:/Unity/WildCards-Whist/Assets
GfxDevice: creating device client; threaded=0
Direct3D:
    Version:  Direct3D 11.0 [level 11.1]
    Renderer: NVIDIA GeForce GTX 1070 with Max-Q Design (ID=0x1ba1)
    Vendor:   
    VRAM:     8081 MB
    Driver:   27.21.14.5167
Initialize mono
Mono path[0] = 'C:/Program Files (x86)/Unity/Editors/2020.3.9f1/Editor/Data/Managed'
Mono path[1] = 'C:/Program Files (x86)/Unity/Editors/2020.3.9f1/Editor/Data/MonoBleedingEdge/lib/mono/unityjit'
Mono config path = 'C:/Program Files (x86)/Unity/Editors/2020.3.9f1/Editor/Data/MonoBleedingEdge/etc'
Using monoOptions --debugger-agent=transport=dt_socket,embedding=1,server=y,suspend=n,address=127.0.0.1:56212
Begin MonoManager ReloadAssembly
Registering precompiled unity dll's ...
Register platform support module: C:/Program Files (x86)/Unity/Editors/2020.3.9f1/Editor/Data/PlaybackEngines/WebGLSupport/UnityEditor.WebGL.Extensions.dll
Register platform support module: C:/Program Files (x86)/Unity/Editors/2020.3.9f1/Editor/Data/PlaybackEngines/MacStandaloneSupport/UnityEditor.OSXStandalone.Extensions.dll
Register platform support module: C:/Program Files (x86)/Unity/Editors/2020.3.9f1/Editor/Data/PlaybackEngines/WindowsStandaloneSupport/UnityEditor.WindowsStandalone.Extensions.dll
Registered in 0.007885 seconds.
Native extension for WindowsStandalone target not found
Native extension for OSXStandalone target not found
Native extension for WebGL target not found
Refreshing native plugins compatible for Editor in 55.54 ms, found 1 plugins.
Preloading 0 native plugins for Editor in 0.00 ms.
Mono: successfully reloaded assembly
- Completed reload, in  3.142 seconds
Platform modules already initialized, skipping
Registering precompiled user dll's ...
Registered in 0.001053 seconds.
Begin MonoManager ReloadAssembly
Native extension for WindowsStandalone target not found
Native extension for OSXStandalone target not found
Native extension for WebGL target not found
Refreshing native plugins compatible for Editor in 39.77 ms, found 1 plugins.
Preloading 0 native plugins for Editor in 0.00 ms.
Mono: successfully reloaded assembly
- Completed reload, in  1.074 seconds
Platform modules already initialized, skipping
========================================================================
Worker process is ready to serve import requests
Launched and connected shader compiler UnityShaderCompiler.exe after 0.06 seconds
Refreshing native plugins compatible for Editor in 0.42 ms, found 1 plugins.
Preloading 0 native plugins for Editor in 0.00 ms.
Unloading 1920 Unused Serialized files (Serialized files now loaded: 0)
System memory in use before: 88.1 MB.
System memory in use after: 88.2 MB.

Unloading 32 unused Assets to reduce memory usage. Loaded Objects now: 2356.
Total: 2.126600 ms (FindLiveObjects: 0.173500 ms CreateObjectMapping: 0.055500 ms MarkObjects: 1.823600 ms  DeleteObjects: 0.073200 ms)

========================================================================
Received Import Request.
  path: Assets/Prefabs/CardHand.prefab
  artifactKey: Guid(b748a9ddf489cba40aaff85242d48743) Importer(815301076,1909f56bfc062723c751e8b465ee728b)
Start importing Assets/Prefabs/CardHand.prefab using Guid(b748a9ddf489cba40aaff85242d48743) Importer(815301076,1909f56bfc062723c751e8b465ee728b)  -> (artifact id: '2135f12d27c887f8408751dcbf3f3d82') in 0.076098 seconds
  Import took 0.083501 seconds .

========================================================================
Received Import Request.
  Time since last request: 0.000618 seconds.
  path: Assets/Prefabs/Card.prefab
  artifactKey: Guid(4c0f32d0c69c0ef4fb0403da2aeffad6) Importer(815301076,1909f56bfc062723c751e8b465ee728b)
Start importing Assets/Prefabs/Card.prefab using Guid(4c0f32d0c69c0ef4fb0403da2aeffad6) Importer(815301076,1909f56bfc062723c751e8b465ee728b)  -> (artifact id: 'f965d707a0de646353316efdd69d5adc') in 0.008172 seconds
  Import took 0.014140 seconds .

========================================================================
Received Prepare
Refreshing native plugins compatible for Editor in 6.95 ms, found 1 plugins.
Preloading 0 native plugins for Editor in 0.00 ms.
Unloading 18 Unused Serialized files (Serialized files now loaded: 0)
System memory in use before: 50.4 MB.
System memory in use after: 50.5 MB.

Unloading 18 unused Assets to reduce memory usage. Loaded Objects now: 2356.
Total: 3.127100 ms (FindLiveObjects: 0.189300 ms CreateObjectMapping: 0.055800 ms MarkObjects: 2.849900 ms  DeleteObjects: 0.030400 ms)

========================================================================
Received Import Request.
  Time since last request: 901.196205 seconds.
  path: Assets/Sprites/slot.png
  artifactKey: Guid(3824709b145c1c148b31cae3eb669975) Importer(815301076,1909f56bfc062723c751e8b465ee728b)
Start importing Assets/Sprites/slot.png using Guid(3824709b145c1c148b31cae3eb669975) Importer(815301076,1909f56bfc062723c751e8b465ee728b)  -> (artifact id: '7dbebfa0b125326d71ffc153e476a97b') in 0.143426 seconds
  Import took 0.147287 seconds .

========================================================================
Received Prepare
Registering precompiled user dll's ...
Registered in 0.001066 seconds.
Begin MonoManager ReloadAssembly
Native extension for WindowsStandalone target not found
Native extension for OSXStandalone target not found
Native extension for WebGL target not found
Refreshing native plugins compatible for Editor in 0.78 ms, found 1 plugins.
Preloading 0 native plugins for Editor in 0.00 ms.
Mono: successfully reloaded assembly
- Completed reload, in  0.882 seconds
Platform modules already initialized, skipping
Refreshing native plugins compatible for Editor in 0.45 ms, found 1 plugins.
Preloading 0 native plugins for Editor in 0.00 ms.
Unloading 1910 Unused Serialized files (Serialized files now loaded: 0)
System memory in use before: 90.7 MB.
System memory in use after: 90.8 MB.

Unloading 20 unused Assets to reduce memory usage. Loaded Objects now: 2366.
Total: 1.979100 ms (FindLiveObjects: 0.198900 ms CreateObjectMapping: 0.059000 ms MarkObjects: 1.702300 ms  DeleteObjects: 0.018000 ms)

========================================================================
Received Prepare
Registering precompiled user dll's ...
Registered in 0.001057 seconds.
Begin MonoManager ReloadAssembly
Native extension for WindowsStandalone target not found
Native extension for OSXStandalone target not found
Native extension for WebGL target not found
Refreshing native plugins compatible for Editor in 0.44 ms, found 1 plugins.
Preloading 0 native plugins for Editor in 0.00 ms.
Mono: successfully reloaded assembly
- Completed reload, in  0.871 seconds
Platform modules already initialized, skipping
Refreshing native plugins compatible for Editor in 0.56 ms, found 1 plugins.
Preloading 0 native plugins for Editor in 0.00 ms.
Unloading 1910 Unused Serialized files (Serialized files now loaded: 0)
System memory in use before: 90.7 MB.
System memory in use after: 90.8 MB.

Unloading 20 unused Assets to reduce memory usage. Loaded Objects now: 2370.
Total: 2.137500 ms (FindLiveObjects: 0.193400 ms CreateObjectMapping: 0.067700 ms MarkObjects: 1.851800 ms  DeleteObjects: 0.023500 ms)

========================================================================
Received Import Request.
  Time since last request: 238.971778 seconds.
  path: Assets/Sprites/slot 1.png
  artifactKey: Guid(f8101db23364df74ca03a7722fbfedd3) Importer(815301076,1909f56bfc062723c751e8b465ee728b)
Start importing Assets/Sprites/slot 1.png using Guid(f8101db23364df74ca03a7722fbfedd3) Importer(815301076,1909f56bfc062723c751e8b465ee728b)  -> (artifact id: '2bdaab6e0b62c3afefc32c2da0dd96aa') in 0.059037 seconds
  Import took 0.062917 seconds .

========================================================================
Received Prepare
Registering precompiled user dll's ...
Registered in 0.007048 seconds.
Begin MonoManager ReloadAssembly
Native extension for WindowsStandalone target not found
Native extension for OSXStandalone target not found
Native extension for WebGL target not found
Refreshing native plugins compatible for Editor in 0.49 ms, found 1 plugins.
Preloading 0 native plugins for Editor in 0.00 ms.
Mono: successfully reloaded assembly
- Completed reload, in  1.084 seconds
Platform modules already initialized, skipping
Refreshing native plugins compatible for Editor in 0.54 ms, found 1 plugins.
Preloading 0 native plugins for Editor in 0.00 ms.
Unloading 1910 Unused Serialized files (Serialized files now loaded: 0)
System memory in use before: 90.8 MB.
System memory in use after: 90.9 MB.

Unloading 20 unused Assets to reduce memory usage. Loaded Objects now: 2375.
Total: 2.187700 ms (FindLiveObjects: 0.207600 ms CreateObjectMapping: 0.067900 ms MarkObjects: 1.884800 ms  DeleteObjects: 0.026000 ms)

========================================================================
Received Prepare
Registering precompiled user dll's ...
Registered in 0.001030 seconds.
Begin MonoManager ReloadAssembly
Native extension for WindowsStandalone target not found
Native extension for OSXStandalone target not found
Native extension for WebGL target not found
Refreshing native plugins compatible for Editor in 0.43 ms, found 1 plugins.
Preloading 0 native plugins for Editor in 0.00 ms.
Mono: successfully reloaded assembly
- Completed reload, in  0.910 seconds
Platform modules already initialized, skipping
Refreshing native plugins compatible for Editor in 0.47 ms, found 1 plugins.
Preloading 0 native plugins for Editor in 0.00 ms.
Unloading 1910 Unused Serialized files (Serialized files now loaded: 0)
System memory in use before: 90.8 MB.
System memory in use after: 90.9 MB.

Unloading 20 unused Assets to reduce memory usage. Loaded Objects now: 2379.
Total: 2.093300 ms (FindLiveObjects: 0.166600 ms CreateObjectMapping: 0.051200 ms MarkObjects: 1.860200 ms  DeleteObjects: 0.014500 ms)

========================================================================
Received Import Request.
  Time since last request: 159.808445 seconds.
  path: Assets/Prefabs/CardSlot.prefab
  artifactKey: Guid(8b9eef4e8521dde49a3e7fc4bb6a3cf8) Importer(815301076,1909f56bfc062723c751e8b465ee728b)
Start importing Assets/Prefabs/CardSlot.prefab using Guid(8b9eef4e8521dde49a3e7fc4bb6a3cf8) Importer(815301076,1909f56bfc062723c751e8b465ee728b)  -> (artifact id: 'ddd2e407f568e3cb37fcc4affe14c5f2') in 0.034231 seconds
  Import took 0.038400 seconds .

========================================================================
Received Import Request.
  Time since last request: 11321.350688 seconds.
  path: Assets/Scripts/CardHand.cs
  artifactKey: Guid(624903bbfff22784d876b836cbe39aaa) Importer(815301076,1909f56bfc062723c751e8b465ee728b)
Start importing Assets/Scripts/CardHand.cs using Guid(624903bbfff22784d876b836cbe39aaa) Importer(815301076,1909f56bfc062723c751e8b465ee728b)  -> (artifact id: '610747b1dfb42114650a778897cefc3c') in 0.022211 seconds
  Import took 0.074488 seconds .

========================================================================
Received Import Request.
  Time since last request: 12.743957 seconds.
  path: Assets/Sprites/Black/BlackCards.asset
  artifactKey: Guid(7facfeb2aee21744c9bd51574df684f7) Importer(815301076,1909f56bfc062723c751e8b465ee728b)
Start importing Assets/Sprites/Black/BlackCards.asset using Guid(7facfeb2aee21744c9bd51574df684f7) Importer(815301076,1909f56bfc062723c751e8b465ee728b)  -> (artifact id: '1b196caf8e8d48e1820757983887da3e') in 0.054349 seconds
  Import took 0.058994 seconds .

========================================================================
Received Prepare
Registering precompiled user dll's ...
Registered in 0.001012 seconds.
Begin MonoManager ReloadAssembly
Native extension for WindowsStandalone target not found
Native extension for OSXStandalone target not found
Native extension for WebGL target not found
Refreshing native plugins compatible for Editor in 0.58 ms, found 1 plugins.
Preloading 0 native plugins for Editor in 0.00 ms.
Mono: successfully reloaded assembly
- Completed reload, in  1.311 seconds
Platform modules already initialized, skipping
Refreshing native plugins compatible for Editor in 0.55 ms, found 1 plugins.
Preloading 0 native plugins for Editor in 0.00 ms.
Unloading 1910 Unused Serialized files (Serialized files now loaded: 0)
System memory in use before: 90.8 MB.
System memory in use after: 90.9 MB.

Unloading 20 unused Assets to reduce memory usage. Loaded Objects now: 2383.
Total: 2.268800 ms (FindLiveObjects: 0.185500 ms CreateObjectMapping: 0.074900 ms MarkObjects: 1.984300 ms  DeleteObjects: 0.023100 ms)

========================================================================
Received Import Request.
  Time since last request: 134.087574 seconds.
  path: Assets/Prefabs/CardSlot.prefab
  artifactKey: Guid(8b9eef4e8521dde49a3e7fc4bb6a3cf8) Importer(815301076,1909f56bfc062723c751e8b465ee728b)
Start importing Assets/Prefabs/CardSlot.prefab using Guid(8b9eef4e8521dde49a3e7fc4bb6a3cf8) Importer(815301076,1909f56bfc062723c751e8b465ee728b)  -> (artifact id: '589b6b5d9472692efc4be074357b31c9') in 0.044818 seconds
  Import took 0.051170 seconds .

AssetImportWorkerClient::OnTransportError - code=2 error=End of file
